2022-07-10 16:01:11
New connection from 127.0.0.1:57284 -- /home/Gaomez/Desktop/codes/Playground/WebServer/WebServer/Server.cpp:45
2022-07-10 16:01:11
New connection from 127.0.0.1:57286 -- /home/Gaomez/Desktop/codes/Playground/WebServer/WebServer/Server.cpp:45
2022-07-10 16:01:11
Request: GET / HTTP/1.1
Host: localhost:9989
Connection: keep-alive
sec-ch-ua: ".Not/A)Brand";v="99", "Google Chrome";v="103", "Chromium";v="103"
sec-ch-ua-mobile: ?0
sec-ch-ua-platform: "Linux"
Upgrade-Insecure-Requests: 1
User-Agent: Mozilla/5.0 (X11; Linux x86_64) AppleWebKit/537.36 (KHTML, like Gecko) Chrome/103.0.0.0 Safari/537.36
Accept: text/html,application/xhtml+xml,application/xml;q=0.9,image/avif,image/webp,image/apng,*/*;q=0.8,application/signed-exchange;v=b3;q=0.9
Sec-Fetch-Site: none
Sec-Fetch-Mode: navigate
Sec-Fetch-User: ?1
Sec-Fetch-Dest: document
Accept-Encoding: gzip, deflate, br
Accept-Language: zh-CN,zh;q=0.9,en;q=0.8

 -- /home/Gaomez/Desktop/codes/Playground/WebServer/WebServer/HttpData.cpp:160
2022-07-10 16:01:12
Request: GET /favicon.ico HTTP/1.1
Host: localhost:9989
Connection: keep-alive
sec-ch-ua: ".Not/A)Brand";v="99", "Google Chrome";v="103", "Chromium";v="103"
sec-ch-ua-mobile: ?0
User-Agent: Mozilla/5.0 (X11; Linux x86_64) AppleWebKit/537.36 (KHTML, like Gecko) Chrome/103.0.0.0 Safari/537.36
sec-ch-ua-platform: "Linux"
Accept: image/avif,image/webp,image/apng,image/svg+xml,image/*,*/*;q=0.8
Sec-Fetch-Site: same-origin
Sec-Fetch-Mode: no-cors
Sec-Fetch-Dest: image
Referer: http://localhost:9989/
Accept-Encoding: gzip, deflate, br
Accept-Language: zh-CN,zh;q=0.9,en;q=0.8

 -- /home/Gaomez/Desktop/codes/Playground/WebServer/WebServer/HttpData.cpp:160
2022-07-10 16:03:19
New connection from 127.0.0.1:50108 -- /home/Gaomez/Desktop/codes/Playground/WebServer/WebServer/Server.cpp:45
2022-07-10 16:03:19
Request: GET / HTTP/1.1
Host: localhost:9989
Connection: keep-alive
Cache-Control: max-age=0
sec-ch-ua: ".Not/A)Brand";v="99", "Google Chrome";v="103", "Chromium";v="103"
sec-ch-ua-mobile: ?0
sec-ch-ua-platform: "Linux"
Upgrade-Insecure-Requests: 1
User-Agent: Mozilla/5.0 (X11; Linux x86_64) AppleWebKit/537.36 (KHTML, like Gecko) Chrome/103.0.0.0 Safari/537.36
Accept: text/html,application/xhtml+xml,application/xml;q=0.9,image/avif,image/webp,image/apng,*/*;q=0.8,application/signed-exchange;v=b3;q=0.9
Sec-Fetch-Site: none
Sec-Fetch-Mode: navigate
Sec-Fetch-User: ?1
Sec-Fetch-Dest: document
Accept-Encoding: gzip, deflate, br
Accept-Language: zh-CN,zh;q=0.9,en;q=0.8

 -- /home/Gaomez/Desktop/codes/Playground/WebServer/WebServer/HttpData.cpp:160
2022-07-10 16:03:19
Request: GET /favicon.ico HTTP/1.1
Host: localhost:9989
Connection: keep-alive
sec-ch-ua: ".Not/A)Brand";v="99", "Google Chrome";v="103", "Chromium";v="103"
sec-ch-ua-mobile: ?0
User-Agent: Mozilla/5.0 (X11; Linux x86_64) AppleWebKit/537.36 (KHTML, like Gecko) Chrome/103.0.0.0 Safari/537.36
sec-ch-ua-platform: "Linux"
Accept: image/avif,image/webp,image/apng,image/svg+xml,image/*,*/*;q=0.8
Sec-Fetch-Site: same-origin
Sec-Fetch-Mode: no-cors
Sec-Fetch-Dest: image
Referer: http://localhost:9989/
Accept-Encoding: gzip, deflate, br
Accept-Language: zh-CN,zh;q=0.9,en;q=0.8

 -- /home/Gaomez/Desktop/codes/Playground/WebServer/WebServer/HttpData.cpp:160
2022-07-10 16:05:34
New connection from 127.0.0.1:43696 -- /home/Gaomez/Desktop/codes/Playground/WebServer/WebServer/Server.cpp:45
2022-07-10 16:05:34
Request: GET /WebServer.log HTTP/1.1
Host: localhost:9989
Connection: keep-alive
sec-ch-ua: ".Not/A)Brand";v="99", "Google Chrome";v="103", "Chromium";v="103"
sec-ch-ua-mobile: ?0
sec-ch-ua-platform: "Linux"
Upgrade-Insecure-Requests: 1
User-Agent: Mozilla/5.0 (X11; Linux x86_64) AppleWebKit/537.36 (KHTML, like Gecko) Chrome/103.0.0.0 Safari/537.36
Accept: text/html,application/xhtml+xml,application/xml;q=0.9,image/avif,image/webp,image/apng,*/*;q=0.8,application/signed-exchange;v=b3;q=0.9
Sec-Fetch-Site: none
Sec-Fetch-Mode: navigate
Sec-Fetch-User: ?1
Sec-Fetch-Dest: document
Accept-Encoding: gzip, deflate, br
Accept-Language: zh-CN,zh;q=0.9,en;q=0.8

 -- /home/Gaomez/Desktop/codes/Playground/WebServer/WebServer/HttpData.cpp:160
2022-07-10 16:05:49
Request: GET /Makefile HTTP/1.1
Host: localhost:9989
Connection: keep-alive
sec-ch-ua: ".Not/A)Brand";v="99", "Google Chrome";v="103", "Chromium";v="103"
sec-ch-ua-mobile: ?0
sec-ch-ua-platform: "Linux"
Upgrade-Insecure-Requests: 1
User-Agent: Mozilla/5.0 (X11; Linux x86_64) AppleWebKit/537.36 (KHTML, like Gecko) Chrome/103.0.0.0 Safari/537.36
Accept: text/html,application/xhtml+xml,application/xml;q=0.9,image/avif,image/webp,image/apng,*/*;q=0.8,application/signed-exchange;v=b3;q=0.9
Sec-Fetch-Site: none
Sec-Fetch-Mode: navigate
Sec-Fetch-User: ?1
Sec-Fetch-Dest: document
Accept-Encoding: gzip, deflate, br
Accept-Language: zh-CN,zh;q=0.9,en;q=0.8

 -- /home/Gaomez/Desktop/codes/Playground/WebServer/WebServer/HttpData.cpp:160
2022-07-10 16:06:10
Request: GET /tests/Makefile HTTP/1.1
Host: localhost:9989
Connection: keep-alive
sec-ch-ua: ".Not/A)Brand";v="99", "Google Chrome";v="103", "Chromium";v="103"
sec-ch-ua-mobile: ?0
sec-ch-ua-platform: "Linux"
Upgrade-Insecure-Requests: 1
User-Agent: Mozilla/5.0 (X11; Linux x86_64) AppleWebKit/537.36 (KHTML, like Gecko) Chrome/103.0.0.0 Safari/537.36
Accept: text/html,application/xhtml+xml,application/xml;q=0.9,image/avif,image/webp,image/apng,*/*;q=0.8,application/signed-exchange;v=b3;q=0.9
Sec-Fetch-Site: none
Sec-Fetch-Mode: navigate
Sec-Fetch-User: ?1
Sec-Fetch-Dest: document
Accept-Encoding: gzip, deflate, br
Accept-Language: zh-CN,zh;q=0.9,en;q=0.8

 -- /home/Gaomez/Desktop/codes/Playground/WebServer/WebServer/HttpData.cpp:160
2022-07-10 16:06:32
Request: GET / HTTP/1.1
Host: localhost:9989
Connection: keep-alive
sec-ch-ua: ".Not/A)Brand";v="99", "Google Chrome";v="103", "Chromium";v="103"
sec-ch-ua-mobile: ?0
sec-ch-ua-platform: "Linux"
Upgrade-Insecure-Requests: 1
User-Agent: Mozilla/5.0 (X11; Linux x86_64) AppleWebKit/537.36 (KHTML, like Gecko) Chrome/103.0.0.0 Safari/537.36
Accept: text/html,application/xhtml+xml,application/xml;q=0.9,image/avif,image/webp,image/apng,*/*;q=0.8,application/signed-exchange;v=b3;q=0.9
Sec-Fetch-Site: none
Sec-Fetch-Mode: navigate
Sec-Fetch-User: ?1
Sec-Fetch-Dest: document
Accept-Encoding: gzip, deflate, br
Accept-Language: zh-CN,zh;q=0.9,en;q=0.8

 -- /home/Gaomez/Desktop/codes/Playground/WebServer/WebServer/HttpData.cpp:160
2022-07-10 16:08:50
Request:  -- /home/Gaomez/Desktop/codes/Playground/WebServer/WebServer/HttpData.cpp:160
2022-07-10 16:08:50
New connection from 127.0.0.1:42932 -- /home/Gaomez/Desktop/codes/Playground/WebServer/WebServer/Server.cpp:45
2022-07-10 16:08:50
New connection from 127.0.0.1:42946 -- /home/Gaomez/Desktop/codes/Playground/WebServer/WebServer/Server.cpp:45
2022-07-10 16:08:50
Request: GET / HTTP/1.1
Host: localhost:9989
Connection: keep-alive
Cache-Control: max-age=0
sec-ch-ua: ".Not/A)Brand";v="99", "Google Chrome";v="103", "Chromium";v="103"
sec-ch-ua-mobile: ?0
sec-ch-ua-platform: "Linux"
Upgrade-Insecure-Requests: 1
User-Agent: Mozilla/5.0 (X11; Linux x86_64) AppleWebKit/537.36 (KHTML, like Gecko) Chrome/103.0.0.0 Safari/537.36
Accept: text/html,application/xhtml+xml,application/xml;q=0.9,image/avif,image/webp,image/apng,*/*;q=0.8,application/signed-exchange;v=b3;q=0.9
Sec-Fetch-Site: none
Sec-Fetch-Mode: navigate
Sec-Fetch-User: ?1
Sec-Fetch-Dest: document
Accept-Encoding: gzip, deflate, br
Accept-Language: zh-CN,zh;q=0.9,en;q=0.8

 -- /home/Gaomez/Desktop/codes/Playground/WebServer/WebServer/HttpData.cpp:160
2022-07-10 16:08:50
Request: GET /favicon.ico HTTP/1.1
Host: localhost:9989
Connection: keep-alive
sec-ch-ua: ".Not/A)Brand";v="99", "Google Chrome";v="103", "Chromium";v="103"
sec-ch-ua-mobile: ?0
User-Agent: Mozilla/5.0 (X11; Linux x86_64) AppleWebKit/537.36 (KHTML, like Gecko) Chrome/103.0.0.0 Safari/537.36
sec-ch-ua-platform: "Linux"
Accept: image/avif,image/webp,image/apng,image/svg+xml,image/*,*/*;q=0.8
Sec-Fetch-Site: same-origin
Sec-Fetch-Mode: no-cors
Sec-Fetch-Dest: image
Referer: http://localhost:9989/
Accept-Encoding: gzip, deflate, br
Accept-Language: zh-CN,zh;q=0.9,en;q=0.8

 -- /home/Gaomez/Desktop/codes/Playground/WebServer/WebServer/HttpData.cpp:160
2022-07-10 16:08:58
New connection from 127.0.0.1:42960 -- /home/Gaomez/Desktop/codes/Playground/WebServer/WebServer/Server.cpp:45
2022-07-10 16:08:58
Request: GET / HTTP/1.1
Host: localhost:9989
Connection: keep-alive
Cache-Control: max-age=0
sec-ch-ua: ".Not/A)Brand";v="99", "Google Chrome";v="103", "Chromium";v="103"
sec-ch-ua-mobile: ?0
sec-ch-ua-platform: "Linux"
Upgrade-Insecure-Requests: 1
User-Agent: Mozilla/5.0 (X11; Linux x86_64) AppleWebKit/537.36 (KHTML, like Gecko) Chrome/103.0.0.0 Safari/537.36
Accept: text/html,application/xhtml+xml,application/xml;q=0.9,image/avif,image/webp,image/apng,*/*;q=0.8,application/signed-exchange;v=b3;q=0.9
Sec-Fetch-Site: none
Sec-Fetch-Mode: navigate
Sec-Fetch-User: ?1
Sec-Fetch-Dest: document
Accept-Encoding: gzip, deflate, br
Accept-Language: zh-CN,zh;q=0.9,en;q=0.8

 -- /home/Gaomez/Desktop/codes/Playground/WebServer/WebServer/HttpData.cpp:160
2022-07-10 16:08:58
Request: GET /favicon.ico HTTP/1.1
Host: localhost:9989
Connection: keep-alive
sec-ch-ua: ".Not/A)Brand";v="99", "Google Chrome";v="103", "Chromium";v="103"
sec-ch-ua-mobile: ?0
User-Agent: Mozilla/5.0 (X11; Linux x86_64) AppleWebKit/537.36 (KHTML, like Gecko) Chrome/103.0.0.0 Safari/537.36
sec-ch-ua-platform: "Linux"
Accept: image/avif,image/webp,image/apng,image/svg+xml,image/*,*/*;q=0.8
Sec-Fetch-Site: same-origin
Sec-Fetch-Mode: no-cors
Sec-Fetch-Dest: image
Referer: http://localhost:9989/
Accept-Encoding: gzip, deflate, br
Accept-Language: zh-CN,zh;q=0.9,en;q=0.8

 -- /home/Gaomez/Desktop/codes/Playground/WebServer/WebServer/HttpData.cpp:160
